<?xml version="1.0" encoding="UTF-8"?>
<testng-results ignored="0" total="1" passed="0" failed="1" skipped="0">
  <reporter-output>
  </reporter-output>
  <suite started-at="2025-05-28T04:01:05 IST" name="Default suite" finished-at="2025-05-28T04:01:45 IST" duration-ms="40542">
    <groups>
      <group name="cucumber">
        <method signature="AbstractTestNGCucumberTests.runScenario(io.cucumber.testng.PickleWrapper,io.cucumber.testng.FeatureWrapper)[pri:0, instance:testRunner.Runner@6743e411]" name="runScenario" class="io.cucumber.testng.AbstractTestNGCucumberTests"/>
      </group> <!-- cucumber -->
    </groups>
    <test started-at="2025-05-28T04:01:05 IST" name="Default test" finished-at="2025-05-28T04:01:45 IST" duration-ms="40542">
      <class name="testRunner.Runner">
        <test-method is-config="true" signature="setUpClass(org.testng.ITestContext)[pri:0, instance:testRunner.Runner@6743e411]" started-at="2025-05-28T04:01:05 IST" name="setUpClass" finished-at="2025-05-28T04:01:05 IST" duration-ms="371" status="PASS">
          <params>
            <param index="0">
              <value>
                <![CDATA[org.testng.TestRunner@655a01d8]]>
              </value>
            </param>
          </params>
          <reporter-output>
          </reporter-output>
        </test-method> <!-- setUpClass -->
        <test-method signature="runScenario(io.cucumber.testng.PickleWrapper,io.cucumber.testng.FeatureWrapper)[pri:0, instance:testRunner.Runner@6743e411]" started-at="2025-05-28T04:01:05 IST" name="runScenario" description="Runs Cucumber Scenarios" data-provider="scenarios" finished-at="2025-05-28T04:01:45 IST" duration-ms="40116" status="FAIL">
          <params>
            <param index="0">
              <value>
                <![CDATA["Successful purchase of jackets from Magneto"]]>
              </value>
            </param>
            <param index="1">
              <value>
                <![CDATA["End-to-End Purchase Flow on Magneto"]]>
              </value>
            </param>
          </params>
          <exception class="java.lang.AssertionError">
            <message>
              <![CDATA[Cart count 11 does not match selected products 11]]>
            </message>
            <full-stacktrace>
              <![CDATA[java.lang.AssertionError: Cart count 11 does not match selected products 11
at StepActions.stepActions.verifyCartCount(stepActions.java:72)
at stepDefinition.stepDefinitions.verifyCartCountMatchesSelection(stepDefinitions.java:37)
at âœ½.verifying the number on the cart matches number of products selected(file:///C:/Users/manav/miniProject/src/test/resources/features/Project.feature:9)
]]>
            </full-stacktrace>
          </exception> <!-- java.lang.AssertionError -->
          <reporter-output>
          </reporter-output>
        </test-method> <!-- runScenario -->
        <test-method is-config="true" signature="tearDownClass()[pri:0, instance:testRunner.Runner@6743e411]" started-at="2025-05-28T04:01:45 IST" name="tearDownClass" finished-at="2025-05-28T04:01:45 IST" duration-ms="25" status="PASS">
          <reporter-output>
          </reporter-output>
        </test-method> <!-- tearDownClass -->
      </class> <!-- testRunner.Runner -->
    </test> <!-- Default test -->
  </suite> <!-- Default suite -->
</testng-results>
